<?xml version="1.0" encoding="UTF-8"?>
<testsuite xmlns:xsi="http://www.w3.org/2001/XMLSchema-instance" xsi:noNamespaceSchemaLocation="https://maven.apache.org/surefire/maven-surefire-plugin/xsd/surefire-test-report-3.0.xsd" version="3.0" name="com.example.mongodb.carlos.ProyectodeportesmongoApplicationTests" time="3.917" tests="1" errors="0" skipped="0" failures="0">
  <properties>
[...]
</properties>
  <testcase name="contextLoads" classname="com.example.mongodb.carlos.ProyectodeportesmongoApplicationTests" time="0.809">
    <system-out><![CDATA[14:30:44.315 [main] INFO org.springframework.test.context.support.AnnotationConfigContextLoaderUtils -- Could not detect default configuration classes for test class [com.example.mongodb.carlos.ProyectodeportesmongoApplicationTests]: ProyectodeportesmongoApplicationTests does not declare any static, non-private, non-final, nested classes annotated with @Configuration.
14:30:44.427 [main] INFO org.springframework.boot.test.context.SpringBootTestContextBootstrapper -- Found @SpringBootConfiguration com.example.mongodb.carlos.ProyectodeportesmongoApplication for test class com.example.mongodb.carlos.ProyectodeportesmongoApplicationTests
14:30:44.613 [main] INFO org.springframework.boot.devtools.restart.RestartApplicationListener -- Restart disabled due to context in which it is running

  .   ____          _            __ _ _
 /\\ / ___'_ __ _ _(_)_ __  __ _ \ \ \ \
( ( )\___ | '_ | '_| | '_ \/ _` | \ \ \ \
 \\/  ___)| |_)| | | | | || (_| |  ) ) ) )
  '  |____| .__|_| |_|_| |_\__, | / / / /
 =========|_|==============|___/=/_/_/_/

 :: Spring Boot ::                (v3.3.4)

2024-10-29T14:30:44.894-05:00  INFO 11620 --- [proyectodeportesmongo] [           main] .c.ProyectodeportesmongoApplicationTests : Starting ProyectodeportesmongoApplicationTests using Java 23.0.1 with PID 11620 (started by muril in C:\Users\muril\git\proyecyomongodb\proyectodeportesmongo)
2024-10-29T14:30:44.895-05:00  INFO 11620 --- [proyectodeportesmongo] [           main] .c.ProyectodeportesmongoApplicationTests : No active profile set, falling back to 1 default profile: "default"
2024-10-29T14:30:45.602-05:00  INFO 11620 --- [proyectodeportesmongo] [           main] .s.d.r.c.RepositoryConfigurationDelegate : Bootstrapping Spring Data MongoDB repositories in DEFAULT mode.
2024-10-29T14:30:45.659-05:00  INFO 11620 --- [proyectodeportesmongo] [           main] .s.d.r.c.RepositoryConfigurationDelegate : Finished Spring Data repository scanning in 53 ms. Found 5 MongoDB repository interfaces.
2024-10-29T14:30:46.167-05:00  INFO 11620 --- [proyectodeportesmongo] [           main] org.mongodb.driver.client                : MongoClient with metadata {"driver": {"name": "mongo-java-driver|sync|spring-boot", "version": "5.0.1"}, "os": {"type": "Windows", "name": "Windows 11", "architecture": "amd64", "version": "10.0"}, "platform": "Java/Oracle Corporation/23.0.1+11-39"} created with settings MongoClientSettings{readPreference=primary, writeConcern=WriteConcern{w=null, wTimeout=null ms, journal=null}, retryWrites=true, retryReads=true, readConcern=ReadConcern{level=null}, credential=MongoCredential{mechanism=null, userName='CarlosDB', source='admin', password=<hidden>, mechanismProperties=<hidden>}, transportSettings=null, commandListeners=[], codecRegistry=ProvidersCodecRegistry{codecProviders=[ValueCodecProvider{}, BsonValueCodecProvider{}, DBRefCodecProvider{}, DBObjectCodecProvider{}, DocumentCodecProvider{}, CollectionCodecProvider{}, IterableCodecProvider{}, MapCodecProvider{}, GeoJsonCodecProvider{}, GridFSFileCodecProvider{}, Jsr310CodecProvider{}, JsonObjectCodecProvider{}, BsonCodecProvider{}, EnumCodecProvider{}, com.mongodb.client.model.mql.ExpressionCodecProvider@54b2fc58, com.mongodb.Jep395RecordCodecProvider@daf22f0, com.mongodb.KotlinCodecProvider@6cbbb9c4]}, loggerSettings=LoggerSettings{maxDocumentLength=1000}, clusterSettings={hosts=[127.0.0.1:27017], srvHost=carlosdb.xaju0.mongodb.net, srvServiceName=mongodb, mode=MULTIPLE, requiredClusterType=REPLICA_SET, requiredReplicaSetName='atlas-y5fm2y-shard-0', serverSelector='null', clusterListeners='[]', serverSelectionTimeout='30000 ms', localThreshold='15 ms'}, socketSettings=SocketSettings{connectTimeoutMS=10000, readTimeoutMS=0, receiveBufferSize=0, proxySettings=ProxySettings{host=null, port=null, username=null, password=null}}, heartbeatSocketSettings=SocketSettings{connectTimeoutMS=10000, readTimeoutMS=10000, receiveBufferSize=0, proxySettings=ProxySettings{host=null, port=null, username=null, password=null}}, connectionPoolSettings=ConnectionPoolSettings{maxSize=100, minSize=0, maxWaitTimeMS=120000, maxConnectionLifeTimeMS=0, maxConnectionIdleTimeMS=0, maintenanceInitialDelayMS=0, maintenanceFrequencyMS=60000, connectionPoolListeners=[], maxConnecting=2}, serverSettings=ServerSettings{heartbeatFrequencyMS=10000, minHeartbeatFrequencyMS=500, serverListeners='[]', serverMonitorListeners='[]'}, sslSettings=SslSettings{enabled=true, invalidHostNameAllowed=false, context=null}, applicationName='null', compressorList=[], uuidRepresentation=JAVA_LEGACY, serverApi=null, autoEncryptionSettings=null, dnsClient=null, inetAddressResolver=null, contextProvider=null}
2024-10-29T14:30:46.185-05:00  INFO 11620 --- [proyectodeportesmongo] [ju0.mongodb.net] org.mongodb.driver.cluster               : Adding discovered server carlosdb-shard-00-01.xaju0.mongodb.net:27017 to client view of cluster
2024-10-29T14:30:46.208-05:00  INFO 11620 --- [proyectodeportesmongo] [ju0.mongodb.net] org.mongodb.driver.cluster               : Adding discovered server carlosdb-shard-00-02.xaju0.mongodb.net:27017 to client view of cluster
2024-10-29T14:30:46.212-05:00  INFO 11620 --- [proyectodeportesmongo] [ju0.mongodb.net] org.mongodb.driver.cluster               : Adding discovered server carlosdb-shard-00-00.xaju0.mongodb.net:27017 to client view of cluster
2024-10-29T14:30:46.767-05:00  INFO 11620 --- [proyectodeportesmongo] [           main] o.s.b.a.w.s.WelcomePageHandlerMapping    : Adding welcome page template: index
2024-10-29T14:30:46.979-05:00  INFO 11620 --- [proyectodeportesmongo] [ngodb.net:27017] org.mongodb.driver.cluster               : Monitor thread successfully connected to server with description ServerDescription{address=carlosdb-shard-00-00.xaju0.mongodb.net:27017, type=REPLICA_SET_SECONDARY, state=CONNECTED, ok=true, minWireVersion=0, maxWireVersion=21, maxDocumentSize=16777216, logicalSessionTimeoutMinutes=30, roundTripTimeNanos=463540000, setName='atlas-y5fm2y-shard-0', canonicalAddress=carlosdb-shard-00-00.xaju0.mongodb.net:27017, hosts=[carlosdb-shard-00-00.xaju0.mongodb.net:27017, carlosdb-shard-00-02.xaju0.mongodb.net:27017, carlosdb-shard-00-01.xaju0.mongodb.net:27017], passives=[], arbiters=[], primary='carlosdb-shard-00-01.xaju0.mongodb.net:27017', tagSet=TagSet{[Tag{name='availabilityZone', value='use1-az4'}, Tag{name='diskState', value='READY'}, Tag{name='nodeType', value='ELECTABLE'}, Tag{name='provider', value='AWS'}, Tag{name='region', value='US_EAST_1'}, Tag{name='workloadType', value='OPERATIONAL'}]}, electionId=null, setVersion=150, topologyVersion=TopologyVersion{processId=6720c2d6684dbda9b2cc5921, counter=4}, lastWriteDate=Tue Oct 29 14:30:47 GMT-05:00 2024, lastUpdateTimeNanos=51103740651700}
2024-10-29T14:30:46.979-05:00  INFO 11620 --- [proyectodeportesmongo] [ngodb.net:27017] org.mongodb.driver.cluster               : Monitor thread successfully connected to server with description ServerDescription{address=carlosdb-shard-00-02.xaju0.mongodb.net:27017, type=REPLICA_SET_SECONDARY, state=CONNECTED, ok=true, minWireVersion=0, maxWireVersion=21, maxDocumentSize=16777216, logicalSessionTimeoutMinutes=30, roundTripTimeNanos=450414200, setName='atlas-y5fm2y-shard-0', canonicalAddress=carlosdb-shard-00-02.xaju0.mongodb.net:27017, hosts=[carlosdb-shard-00-00.xaju0.mongodb.net:27017, carlosdb-shard-00-02.xaju0.mongodb.net:27017, carlosdb-shard-00-01.xaju0.mongodb.net:27017], passives=[], arbiters=[], primary='carlosdb-shard-00-01.xaju0.mongodb.net:27017', tagSet=TagSet{[Tag{name='availabilityZone', value='use1-az5'}, Tag{name='diskState', value='READY'}, Tag{name='nodeType', value='ELECTABLE'}, Tag{name='provider', value='AWS'}, Tag{name='region', value='US_EAST_1'}, Tag{name='workloadType', value='OPERATIONAL'}]}, electionId=null, setVersion=150, topologyVersion=TopologyVersion{processId=6720c437b7c2bcda76875cf8, counter=3}, lastWriteDate=Tue Oct 29 14:30:47 GMT-05:00 2024, lastUpdateTimeNanos=51103740720100}
2024-10-29T14:30:46.979-05:00  INFO 11620 --- [proyectodeportesmongo] [ngodb.net:27017] org.mongodb.driver.cluster               : Monitor thread successfully connected to server with description ServerDescription{address=carlosdb-shard-00-01.xaju0.mongodb.net:27017, type=REPLICA_SET_PRIMARY, state=CONNECTED, ok=true, minWireVersion=0, maxWireVersion=21, maxDocumentSize=16777216, logicalSessionTimeoutMinutes=30, roundTripTimeNanos=460291800, setName='atlas-y5fm2y-shard-0', canonicalAddress=carlosdb-shard-00-01.xaju0.mongodb.net:27017, hosts=[carlosdb-shard-00-00.xaju0.mongodb.net:27017, carlosdb-shard-00-02.xaju0.mongodb.net:27017, carlosdb-shard-00-01.xaju0.mongodb.net:27017], passives=[], arbiters=[], primary='carlosdb-shard-00-01.xaju0.mongodb.net:27017', tagSet=TagSet{[Tag{name='availabilityZone', value='use1-az6'}, Tag{name='diskState', value='READY'}, Tag{name='nodeType', value='ELECTABLE'}, Tag{name='provider', value='AWS'}, Tag{name='region', value='US_EAST_1'}, Tag{name='workloadType', value='OPERATIONAL'}]}, electionId=7fffffff00000000000008e2, setVersion=150, topologyVersion=TopologyVersion{processId=6720c1fbdb4442d2df6164e6, counter=6}, lastWriteDate=Tue Oct 29 14:30:47 GMT-05:00 2024, lastUpdateTimeNanos=51103741503400}
2024-10-29T14:30:46.983-05:00  INFO 11620 --- [proyectodeportesmongo] [ngodb.net:27017] org.mongodb.driver.cluster               : Discovered replica set primary carlosdb-shard-00-01.xaju0.mongodb.net:27017 with max election id 7fffffff00000000000008e2 and max set version 150
2024-10-29T14:30:47.242-05:00  INFO 11620 --- [proyectodeportesmongo] [           main] .c.ProyectodeportesmongoApplicationTests : Started ProyectodeportesmongoApplicationTests in 2.644 seconds (process running for 3.646)
]]></system-out>
    <system-err><![CDATA[WARNING: A Java agent has been loaded dynamically (C:\Users\muril\.m2\repository\net\bytebuddy\byte-buddy-agent\1.14.19\byte-buddy-agent-1.14.19.jar)
WARNING: If a serviceability tool is in use, please run with -XX:+EnableDynamicAgentLoading to hide this warning
WARNING: If a serviceability tool is not in use, please run with -Djdk.instrument.traceUsage for more information
WARNING: Dynamic loading of agents will be disallowed by default in a future release
]]></system-err>
  </testcase>
</testsuite>